::1 - - [11/May/2025:16:01:35 +0000] "GET /api/books HTTP/1.1" 200 2 "-" "PostmanRuntime/7.43.4"
::1 - - [11/May/2025:16:01:43 +0000] "POST /api/books HTTP/1.1" 200 144 "-" "PostmanRuntime/7.43.4"
::1 - - [11/May/2025:16:02:05 +0000] "PUT /api/books/pickup?id=08c98a69-8bf8-4f54-b47f-662b8accb664 HTTP/1.1" 404 - "-" "PostmanRuntime/7.43.4"
::1 - - [11/May/2025:16:02:59 +0000] "PUT /api/books/pickup?id=925dd685-d655-41ff-8848-649fc5ce2f1b HTTP/1.1" 200 14 "-" "PostmanRuntime/7.43.4"
::1 - - [11/May/2025:16:03:47 +0000] "PUT /api/books/return?id=925dd685-d655-41ff-8848-649fc5ce2f1b HTTP/1.1" 200 13 "-" "PostmanRuntime/7.43.4"
::1 - - [14/May/2025:17:55:49 +0000] "GET /api/books/status?genre=classic&status=on_hand HTTP/1.1" 404 155 "-" "PostmanRuntime/7.43.4"
::1 - - [14/May/2025:17:56:10 +0000] "GET /api/books/genre/status?genre=classic&status=on_hand HTTP/1.1" 200 2 "-" "PostmanRuntime/7.43.4"
::1 - - [18/May/2025:17:48:54 +0000] "POST /api/books HTTP/1.1" 200 137 "-" "PostmanRuntime/7.43.4"
::1 - - [18/May/2025:17:50:58 +0000] "GET /api/books/genre/status? HTTP/1.1" 400 - "-" "PostmanRuntime/7.43.4"
::1 - - [18/May/2025:17:51:01 +0000] "POST /api/books HTTP/1.1" 500 - "-" "PostmanRuntime/7.43.4"
::1 - - [18/May/2025:17:51:18 +0000] "GET /api/books/genre?genre=classic HTTP/1.1" 200 2 "-" "PostmanRuntime/7.43.4"
::1 - - [18/May/2025:17:51:22 +0000] "GET /api/books/genre/status?genre=classic&status=on_hand HTTP/1.1" 200 2 "-" "PostmanRuntime/7.43.4"
::1 - - [18/May/2025:17:51:26 +0000] "POST /api/books HTTP/1.1" 500 - "-" "PostmanRuntime/7.43.4"
::1 - - [18/May/2025:17:51:33 +0000] "GET /api/books/genre/status? HTTP/1.1" 400 - "-" "PostmanRuntime/7.43.4"
::1 - - [18/May/2025:17:53:53 +0000] "POST /api/books HTTP/1.1" 400 - "-" "PostmanRuntime/7.43.4"
::1 - - [18/May/2025:17:55:39 +0000] "POST /api/books HTTP/1.1" 400 - "-" "PostmanRuntime/7.43.4"
::1 - - [18/May/2025:17:55:46 +0000] "POST /api/books HTTP/1.1" 400 - "-" "PostmanRuntime/7.43.4"
::1 - - [18/May/2025:17:55:51 +0000] "POST /api/books HTTP/1.1" 400 - "-" "PostmanRuntime/7.43.4"
::1 - - [18/May/2025:17:56:04 +0000] "POST /api/books HTTP/1.1" 400 - "-" "PostmanRuntime/7.43.4"
::1 - - [18/May/2025:17:56:59 +0000] "POST /api/books HTTP/1.1" 400 - "-" "PostmanRuntime/7.43.4"
::1 - - [18/May/2025:17:57:05 +0000] "POST /api/books HTTP/1.1" 400 - "-" "PostmanRuntime/7.43.4"
::1 - - [18/May/2025:17:58:00 +0000] "POST /api/books HTTP/1.1" 400 - "-" "PostmanRuntime/7.43.4"
::1 - - [18/May/2025:17:58:36 +0000] "POST /api/books HTTP/1.1" 400 - "-" "PostmanRuntime/7.43.4"
::1 - - [18/May/2025:17:58:40 +0000] "POST /api/books HTTP/1.1" 400 - "-" "PostmanRuntime/7.43.4"
::1 - - [18/May/2025:17:58:53 +0000] "GET /api/books/genre/status? HTTP/1.1" 400 - "-" "PostmanRuntime/7.43.4"
::1 - - [18/May/2025:17:59:14 +0000] "POST /api/books HTTP/1.1" 400 - "-" "PostmanRuntime/7.43.4"
::1 - - [18/May/2025:17:59:36 +0000] "POST /api/books HTTP/1.1" 400 - "-" "PostmanRuntime/7.43.4"
::1 - - [18/May/2025:17:59:37 +0000] "POST /api/books HTTP/1.1" 400 - "-" "PostmanRuntime/7.43.4"
::1 - - [18/May/2025:17:59:39 +0000] "POST /api/books HTTP/1.1" 400 - "-" "PostmanRuntime/7.43.4"
::1 - - [18/May/2025:18:01:28 +0000] "POST /api/books HTTP/1.1" 400 - "-" "PostmanRuntime/7.43.4"
::1 - - [18/May/2025:18:01:35 +0000] "POST /api/books HTTP/1.1" 400 - "-" "PostmanRuntime/7.43.4"
::1 - - [18/May/2025:18:01:36 +0000] "POST /api/books HTTP/1.1" 400 - "-" "PostmanRuntime/7.43.4"
::1 - - [18/May/2025:18:02:04 +0000] "POST /api/books HTTP/1.1" 200 137 "-" "PostmanRuntime/7.43.4"
::1 - - [18/May/2025:18:03:25 +0000] "POST /api/books HTTP/1.1" 500 - "-" "PostmanRuntime/7.43.4"
::1 - - [18/May/2025:18:03:28 +0000] "POST /api/books HTTP/1.1" 500 - "-" "PostmanRuntime/7.43.4"
::1 - - [18/May/2025:18:03:33 +0000] "POST /api/books HTTP/1.1" 500 - "-" "PostmanRuntime/7.43.4"
::1 - - [18/May/2025:18:03:34 +0000] "POST /api/books HTTP/1.1" 500 - "-" "PostmanRuntime/7.43.4"
::1 - - [18/May/2025:18:03:36 +0000] "POST /api/books HTTP/1.1" 500 - "-" "PostmanRuntime/7.43.4"
::1 - - [20/May/2025:07:56:52 +0000] "POST /api/books HTTP/1.1" 403 - "-" "PostmanRuntime/7.43.4"
::1 - - [20/May/2025:07:57:21 +0000] "POST /api/books HTTP/1.1" 403 - "-" "PostmanRuntime/7.43.4"
::1 - - [20/May/2025:07:59:58 +0000] "POST /api/books HTTP/1.1" 200 147 "-" "PostmanRuntime/7.43.4"
::1 - - [20/May/2025:08:00:44 +0000] "POST /api/books HTTP/1.1" 200 148 "-" "PostmanRuntime/7.43.4"
::1 - - [20/May/2025:08:01:21 +0000] "GET /api/books/genre/status? HTTP/1.1" 400 - "-" "PostmanRuntime/7.43.4"
::1 - - [20/May/2025:08:01:25 +0000] "GET /api/books/genre/status HTTP/1.1" 400 - "-" "PostmanRuntime/7.43.4"
::1 - - [20/May/2025:08:01:33 +0000] "GET /api/books/ HTTP/1.1" 200 13470 "-" "PostmanRuntime/7.43.4"
::1 - - [20/May/2025:08:05:13 +0000] "GET /api/books/ HTTP/1.1" 200 399 "-" "PostmanRuntime/7.43.4"
::1 - - [20/May/2025:09:25:25 +0000] "GET /api/books/genre?genre=classic HTTP/1.1" 200 203 "-" "PostmanRuntime/7.43.4"
::1 - - [20/May/2025:09:25:55 +0000] "GET /api/books/genre?genre=classic HTTP/1.1" 200 203 "-" "PostmanRuntime/7.43.4"
::1 - - [20/May/2025:09:29:55 +0000] "GET /api/books/genre?genre=classic HTTP/1.1" 200 142 "-" "PostmanRuntime/7.43.4"
::1 - - [20/May/2025:09:30:33 +0000] "GET /api/books/genre?genre=classic HTTP/1.1" 500 - "-" "PostmanRuntime/7.43.4"
::1 - - [20/May/2025:09:35:32 +0000] "GET /api/books/genre?genre=classic HTTP/1.1" 200 203 "-" "PostmanRuntime/7.43.4"
::1 - - [20/May/2025:12:24:49 +0000] "GET /api/books/genre/status?genre=classic&status=on_hand HTTP/1.1" 200 294 "-" "PostmanRuntime/7.43.4"
::1 - - [20/May/2025:12:27:52 +0000] "GET /api/books/genre/status?genre=classic&status=on_hand HTTP/1.1" 200 294 "-" "PostmanRuntime/7.43.4"
::1 - - [20/May/2025:12:28:00 +0000] "GET /api/books/genre/status?status=on_hand HTTP/1.1" 400 - "-" "PostmanRuntime/7.43.4"
::1 - - [20/May/2025:12:28:06 +0000] "GET /api/books/genre/status?genre=classic HTTP/1.1" 400 - "-" "PostmanRuntime/7.43.4"
::1 - - [20/May/2025:12:28:09 +0000] "GET /api/books/genre/status?genre=classic&status=on_hand HTTP/1.1" 200 294 "-" "PostmanRuntime/7.43.4"
::1 - - [20/May/2025:12:28:29 +0000] "GET /api/books/genre/status?genre=classic&status=on_hand HTTP/1.1" 200 2 "-" "PostmanRuntime/7.43.4"
::1 - - [20/May/2025:12:28:39 +0000] "GET /api/books/genre/status?genre=classic&status=on_stock HTTP/1.1" 200 294 "-" "PostmanRuntime/7.43.4"
::1 - - [20/May/2025:12:40:13 +0000] "GET /api/books/ HTTP/1.1" 200 399 "-" "PostmanRuntime/7.43.4"
::1 - - [20/May/2025:12:40:25 +0000] "PUT /api/books/pickup?id=446435e2-49d9-4b48-b5c7-f50873f154d5 HTTP/1.1" 200 14 "-" "PostmanRuntime/7.43.4"
::1 - - [20/May/2025:12:40:52 +0000] "PUT /api/books/pickup?id=446435e2-49d9-4b48-b5c7-f50873f154d5 HTTP/1.1" 200 14 "-" "PostmanRuntime/7.43.4"
::1 - - [20/May/2025:12:40:56 +0000] "GET /api/books/ HTTP/1.1" 200 398 "-" "PostmanRuntime/7.43.4"
::1 - - [20/May/2025:12:42:16 +0000] "GET /api/books/ HTTP/1.1" 200 398 "-" "PostmanRuntime/7.43.4"
::1 - - [20/May/2025:12:42:19 +0000] "PUT /api/books/pickup?id=446435e2-49d9-4b48-b5c7-f50873f154d5 HTTP/1.1" 200 14 "-" "PostmanRuntime/7.43.4"
::1 - - [20/May/2025:12:42:23 +0000] "GET /api/books/ HTTP/1.1" 200 399 "-" "PostmanRuntime/7.43.4"
::1 - - [20/May/2025:13:19:56 +0000] "DELETE /api/books?id=446435e2-49d9-4b48-b5c7-f50873f154d5 HTTP/1.1" 500 - "-" "PostmanRuntime/7.43.4"
::1 - - [20/May/2025:13:20:04 +0000] "GET /api/books/ HTTP/1.1" 200 253 "-" "PostmanRuntime/7.43.4"
::1 - - [20/May/2025:13:20:24 +0000] "DELETE /api/books?id=726d1e3f-7ec4-4349-8a5f-3678a01fda34 HTTP/1.1" 500 - "-" "PostmanRuntime/7.43.4"
::1 - - [20/May/2025:13:24:31 +0000] "DELETE /api/books?id=726d1e3f-7ec4-4349-8a5f-3678a01fda34 HTTP/1.1" 500 - "-" "PostmanRuntime/7.43.4"
::1 - - [20/May/2025:13:24:38 +0000] "DELETE /api/books?id=726d1e3f-7ec4-4349-8a5f-3678a01fda34 HTTP/1.1" 500 - "-" "PostmanRuntime/7.43.4"
::1 - - [20/May/2025:13:24:39 +0000] "DELETE /api/books?id=726d1e3f-7ec4-4349-8a5f-3678a01fda34 HTTP/1.1" 500 - "-" "PostmanRuntime/7.43.4"
::1 - - [20/May/2025:13:24:43 +0000] "GET /api/books/ HTTP/1.1" 200 106 "-" "PostmanRuntime/7.43.4"
::1 - - [20/May/2025:13:24:54 +0000] "DELETE /api/books?id=1 HTTP/1.1" 400 - "-" "PostmanRuntime/7.43.4"
::1 - - [20/May/2025:13:24:58 +0000] "GET /api/books/ HTTP/1.1" 200 106 "-" "PostmanRuntime/7.43.4"
::1 - - [20/May/2025:13:25:04 +0000] "DELETE /api/books?id=1 HTTP/1.1" 400 - "-" "PostmanRuntime/7.43.4"
::1 - - [20/May/2025:13:25:08 +0000] "POST /api/books HTTP/1.1" 200 148 "-" "PostmanRuntime/7.43.4"
::1 - - [20/May/2025:13:25:10 +0000] "GET /api/books/ HTTP/1.1" 200 253 "-" "PostmanRuntime/7.43.4"
::1 - - [20/May/2025:13:25:21 +0000] "DELETE /api/books?id=65be3f44-f11c-4999-8429-26b3cb329ee5 HTTP/1.1" 200 70 "-" "PostmanRuntime/7.43.4"
::1 - - [20/May/2025:13:29:38 +0000] "POST /api/books HTTP/1.1" 200 148 "-" "PostmanRuntime/7.43.4"
::1 - - [20/May/2025:13:29:41 +0000] "GET /api/books/ HTTP/1.1" 200 253 "-" "PostmanRuntime/7.43.4"
::1 - - [20/May/2025:13:29:46 +0000] "GET /api/books/ HTTP/1.1" 200 253 "-" "PostmanRuntime/7.43.4"
::1 - - [20/May/2025:13:29:58 +0000] "DELETE /api/books?id=69581479-c585-4564-85d6-0f2ca6e6273d HTTP/1.1" 500 - "-" "PostmanRuntime/7.43.4"
::1 - - [20/May/2025:13:30:02 +0000] "GET /api/books/ HTTP/1.1" 200 106 "-" "PostmanRuntime/7.43.4"
::1 - - [20/May/2025:13:33:27 +0000] "POST /api/books HTTP/1.1" 200 148 "-" "PostmanRuntime/7.43.4"
::1 - - [20/May/2025:13:33:31 +0000] "GET /api/books/ HTTP/1.1" 200 253 "-" "PostmanRuntime/7.43.4"
::1 - - [20/May/2025:13:33:45 +0000] "DELETE /api/books?id=cc5d0ae5-7e29-4af1-a7e4-bafa6164abd2 HTTP/1.1" 200 70 "-" "PostmanRuntime/7.43.4"
::1 - - [20/May/2025:15:50:15 +0000] "POST /api/books HTTP/1.1" 200 137 "-" "PostmanRuntime/7.43.4"
::1 - - [20/May/2025:15:50:31 +0000] "PUT /api/books/pickup?id=51b3b4ac-699f-441a-bc96-3280709ee052 HTTP/1.1" 200 14 "-" "PostmanRuntime/7.43.4"
::1 - - [20/May/2025:15:50:36 +0000] "PUT /api/books/return?id=19653d99-a47b-4dea-b419-56d11aa94e92 HTTP/1.1" 400 - "-" "PostmanRuntime/7.43.4"
::1 - - [20/May/2025:15:50:55 +0000] "PUT /api/books/return?id=19653d99-a47b-4dea-b419-56d11aa94e92 HTTP/1.1" 400 - "-" "PostmanRuntime/7.43.4"
::1 - - [20/May/2025:15:52:48 +0000] "PUT /api/books/return?id=19653d99-a47b-4dea-b419-56d11aa94e92 HTTP/1.1" 400 - "-" "PostmanRuntime/7.43.4"
::1 - - [20/May/2025:15:52:53 +0000] "PUT /api/books/return?id=19653d99-a47b-4dea-b419-56d11aa94e92 HTTP/1.1" 400 - "-" "PostmanRuntime/7.43.4"
::1 - - [20/May/2025:15:52:56 +0000] "PUT /api/books/return?id=19653d99-a47b-4dea-b419-56d11aa94e92 HTTP/1.1" 400 - "-" "PostmanRuntime/7.43.4"
::1 - - [20/May/2025:15:53:00 +0000] "PUT /api/books/return?id=19653d99-a47b-4dea-b419-56d11aa94e92 HTTP/1.1" 400 - "-" "PostmanRuntime/7.43.4"
::1 - - [20/May/2025:15:53:09 +0000] "PUT /api/books/return?id=19653d99-a47b-4dea-b419-56d11aa94e92 HTTP/1.1" 400 - "-" "PostmanRuntime/7.43.4"
::1 - - [20/May/2025:15:53:10 +0000] "PUT /api/books/return?id=19653d99-a47b-4dea-b419-56d11aa94e92 HTTP/1.1" 400 - "-" "PostmanRuntime/7.43.4"
::1 - - [20/May/2025:15:53:15 +0000] "PUT /api/books/return HTTP/1.1" 400 - "-" "PostmanRuntime/7.43.4"
::1 - - [20/May/2025:15:53:33 +0000] "PUT /api/books/return?id=19653d99-a47b-4dea-b419-56d11aa94e92 HTTP/1.1" 400 - "-" "PostmanRuntime/7.43.4"
::1 - - [20/May/2025:15:53:42 +0000] "PUT /api/books/return?id=19653d99-a47b-4dea-b419-56d11aa94e92 HTTP/1.1" 400 - "-" "PostmanRuntime/7.43.4"
::1 - - [20/May/2025:16:00:42 +0000] "PUT /api/books/return?id=19653d99-a47b-4dea-b419-56d11aa94e92 HTTP/1.1" 400 - "-" "PostmanRuntime/7.43.4"
::1 - - [20/May/2025:16:00:46 +0000] "GET /api/books/ HTTP/1.1" 200 242 "-" "PostmanRuntime/7.43.4"
::1 - - [20/May/2025:16:01:07 +0000] "PUT /api/books/pickup?id=51b3b4ac-699f-441a-bc96-3280709ee052 HTTP/1.1" 200 14 "-" "PostmanRuntime/7.43.4"
::1 - - [20/May/2025:16:01:10 +0000] "GET /api/books/ HTTP/1.1" 200 242 "-" "PostmanRuntime/7.43.4"
::1 - - [20/May/2025:16:01:20 +0000] "PUT /api/books/pickup?id=51b3b4ac-699f-441a-bc96-3280709ee052 HTTP/1.1" 200 14 "-" "PostmanRuntime/7.43.4"
::1 - - [20/May/2025:16:01:25 +0000] "GET /api/books/ HTTP/1.1" 200 242 "-" "PostmanRuntime/7.43.4"
::1 - - [20/May/2025:16:01:26 +0000] "GET /api/books/ HTTP/1.1" 200 242 "-" "PostmanRuntime/7.43.4"
::1 - - [20/May/2025:16:01:27 +0000] "GET /api/books/ HTTP/1.1" 200 242 "-" "PostmanRuntime/7.43.4"
::1 - - [20/May/2025:16:02:21 +0000] "GET /api/books/ HTTP/1.1" 200 242 "-" "PostmanRuntime/7.43.4"
::1 - - [20/May/2025:16:02:29 +0000] "PUT /api/books/pickup?id=51b3b4ac-699f-441a-bc96-3280709ee052 HTTP/1.1" 200 14 "-" "PostmanRuntime/7.43.4"
::1 - - [20/May/2025:16:02:32 +0000] "GET /api/books/ HTTP/1.1" 200 241 "-" "PostmanRuntime/7.43.4"
::1 - - [20/May/2025:16:02:42 +0000] "PUT /api/books/return?id=19653d99-a47b-4dea-b419-56d11aa94e92 HTTP/1.1" 400 - "-" "PostmanRuntime/7.43.4"
::1 - - [20/May/2025:16:13:41 +0000] "PUT /api/books/return?id=19653d99-a47b-4dea-b419-56d11aa94e92 HTTP/1.1" 400 - "-" "PostmanRuntime/7.43.4"
::1 - - [20/May/2025:16:13:51 +0000] "GET /api/books/ HTTP/1.1" 200 241 "-" "PostmanRuntime/7.43.4"
::1 - - [20/May/2025:16:14:10 +0000] "POST /api/books HTTP/1.1" 200 137 "-" "PostmanRuntime/7.43.4"
::1 - - [20/May/2025:16:14:26 +0000] "POST /api/books HTTP/1.1" 200 142 "-" "PostmanRuntime/7.43.4"
::1 - - [20/May/2025:16:14:39 +0000] "PUT /api/books/pickup?id=3c67377b-bf9a-40e0-8308-38cbb1c2656a HTTP/1.1" 200 14 "-" "PostmanRuntime/7.43.4"
::1 - - [20/May/2025:16:14:49 +0000] "PUT /api/books/return?id=3c67377b-bf9a-40e0-8308-38cbb1c2656a HTTP/1.1" 400 - "-" "PostmanRuntime/7.43.4"
::1 - - [20/May/2025:16:15:24 +0000] "PUT /api/books/return?id=3c67377b-bf9a-40e0-8308-38cbb1c2656a HTTP/1.1" 400 - "-" "PostmanRuntime/7.43.4"
::1 - - [20/May/2025:16:16:14 +0000] "PUT /api/books/return?id=3c67377b-bf9a-40e0-8308-38cbb1c2656a HTTP/1.1" 400 - "-" "PostmanRuntime/7.43.4"
::1 - - [20/May/2025:16:16:19 +0000] "GET /api/books/ HTTP/1.1" 200 517 "-" "PostmanRuntime/7.43.4"
::1 - - [20/May/2025:16:16:36 +0000] "PUT /api/books/return?id=3c67377b-bf9a-40e0-8308-38cbb1c2656a HTTP/1.1" 400 - "-" "PostmanRuntime/7.43.4"
::1 - - [20/May/2025:16:29:35 +0000] "PUT /api/books/return?id=3c67377b-bf9a-40e0-8308-38cbb1c2656a HTTP/1.1" 400 - "-" "PostmanRuntime/7.43.4"
::1 - - [20/May/2025:16:31:12 +0000] "PUT /api/books/return?id=3c67377b-bf9a-40e0-8308-38cbb1c2656a HTTP/1.1" 200 13 "-" "PostmanRuntime/7.43.4"
::1 - - [23/May/2025:11:37:06 +0000] "GET /api/books/ HTTP/1.1" 500 - "-" "PostmanRuntime/7.44.0"
::1 - - [23/May/2025:11:37:13 +0000] "GET /api/books/ HTTP/1.1" 500 - "-" "PostmanRuntime/7.44.0"
::1 - - [23/May/2025:11:37:38 +0000] "POST /api/books HTTP/1.1" 403 - "-" "PostmanRuntime/7.44.0"
::1 - - [23/May/2025:11:37:48 +0000] "GET /api/books/genre?genre=classic HTTP/1.1" 500 - "-" "PostmanRuntime/7.44.0"
::1 - - [23/May/2025:11:37:54 +0000] "GET /api/books/genre/status?genre=classic&status=on_hand HTTP/1.1" 500 - "-" "PostmanRuntime/7.44.0"
::1 - - [23/May/2025:11:38:09 +0000] "GET /api/books/ HTTP/1.1" 500 - "-" "PostmanRuntime/7.44.0"
::1 - - [23/May/2025:11:42:00 +0000] "POST /account/account/ HTTP/1.1" 400 - "-" "PostmanRuntime/7.44.0"
::1 - - [23/May/2025:11:44:36 +0000] "POST /account/account/ HTTP/1.1" 400 - "-" "PostmanRuntime/7.44.0"
::1 - - [23/May/2025:11:44:47 +0000] "POST /account/account/ HTTP/1.1" 400 - "-" "PostmanRuntime/7.44.0"
::1 - - [23/May/2025:11:45:01 +0000] "POST /account/account/ HTTP/1.1" 400 - "-" "PostmanRuntime/7.44.0"
::1 - - [23/May/2025:11:45:21 +0000] "POST /account/account/ HTTP/1.1" 400 - "-" "PostmanRuntime/7.44.0"
::1 - - [23/May/2025:11:45:27 +0000] "POST /account/account/ HTTP/1.1" 400 - "-" "PostmanRuntime/7.44.0"
::1 - - [23/May/2025:11:45:38 +0000] "POST /account/account/ HTTP/1.1" 400 - "-" "PostmanRuntime/7.44.0"
::1 - - [23/May/2025:11:46:43 +0000] "POST /account/account/ HTTP/1.1" 400 - "-" "PostmanRuntime/7.44.0"
::1 - - [23/May/2025:11:46:46 +0000] "POST /account/account/ HTTP/1.1" 400 - "-" "PostmanRuntime/7.44.0"
::1 - - [23/May/2025:11:47:23 +0000] "POST /account/account/ HTTP/1.1" 400 - "-" "PostmanRuntime/7.44.0"
::1 - - [23/May/2025:11:47:25 +0000] "POST /account/account/ HTTP/1.1" 400 - "-" "PostmanRuntime/7.44.0"
::1 - - [23/May/2025:11:47:26 +0000] "POST /account/account/ HTTP/1.1" 400 - "-" "PostmanRuntime/7.44.0"
::1 - - [23/May/2025:11:47:39 +0000] "POST /account/account/ HTTP/1.1" 500 - "-" "PostmanRuntime/7.44.0"
::1 - - [23/May/2025:11:52:13 +0000] "POST /account/account/ HTTP/1.1" 500 - "-" "PostmanRuntime/7.44.0"
::1 - - [23/May/2025:11:55:03 +0000] "POST /account/account/ HTTP/1.1" 500 - "-" "PostmanRuntime/7.44.0"
::1 - - [23/May/2025:11:55:12 +0000] "POST /account/account/ HTTP/1.1" 500 - "-" "PostmanRuntime/7.44.0"
::1 - - [23/May/2025:11:55:27 +0000] "POST /account/account/ HTTP/1.1" 400 - "-" "PostmanRuntime/7.44.0"
::1 - - [23/May/2025:11:55:31 +0000] "POST /account/account/ HTTP/1.1" 500 - "-" "PostmanRuntime/7.44.0"
::1 - - [23/May/2025:11:55:45 +0000] "POST /account/account/ HTTP/1.1" 500 - "-" "PostmanRuntime/7.44.0"
::1 - - [23/May/2025:12:02:18 +0000] "POST /account/account/ HTTP/1.1" 201 - "-" "PostmanRuntime/7.44.0"
::1 - - [23/May/2025:12:09:24 +0000] "GET /account/account/ HTTP/1.1" 404 155 "-" "PostmanRuntime/7.44.0"
::1 - - [23/May/2025:12:09:48 +0000] "GET /account/account/507f1f77bcf86cd799439011 HTTP/1.1" 500 - "-" "PostmanRuntime/7.44.0"
::1 - - [23/May/2025:12:10:11 +0000] "GET /account/account/507f1f77bcf86cd799439011 HTTP/1.1" 500 - "-" "PostmanRuntime/7.44.0"
::1 - - [23/May/2025:12:11:09 +0000] "GET /account/account/507f1f77bcf86cd799439011 HTTP/1.1" 500 - "-" "PostmanRuntime/7.44.0"
::1 - - [23/May/2025:12:11:13 +0000] "GET /account/account/507f1f77bcf86cd799439011 HTTP/1.1" 500 - "-" "PostmanRuntime/7.44.0"
::1 - - [23/May/2025:12:11:16 +0000] "POST /account/account/ HTTP/1.1" 201 - "-" "PostmanRuntime/7.44.0"
::1 - - [23/May/2025:12:11:19 +0000] "GET /account/account/507f1f77bcf86cd799439011 HTTP/1.1" 500 - "-" "PostmanRuntime/7.44.0"
::1 - - [23/May/2025:12:15:40 +0000] "POST /account/account/ HTTP/1.1" 201 - "-" "PostmanRuntime/7.44.0"
::1 - - [23/May/2025:12:15:45 +0000] "GET /account/account/507f1f77bcf86cd799439011 HTTP/1.1" 200 - "-" "PostmanRuntime/7.44.0"
::1 - - [23/May/2025:12:15:52 +0000] "GET /account/account/507f1f77bcf86cd799439011 HTTP/1.1" 200 - "-" "PostmanRuntime/7.44.0"
::1 - - [23/May/2025:12:19:31 +0000] "POST /account/account/ HTTP/1.1" 201 - "-" "PostmanRuntime/7.44.0"
::1 - - [23/May/2025:12:19:56 +0000] "POST /account/account/ HTTP/1.1" 201 - "-" "PostmanRuntime/7.44.0"
::1 - - [23/May/2025:12:24:00 +0000] "POST /account/account/ HTTP/1.1" 201 - "-" "PostmanRuntime/7.44.0"
::1 - - [23/May/2025:12:25:00 +0000] "POST /account/account/ HTTP/1.1" 201 - "-" "PostmanRuntime/7.44.0"
::1 - - [23/May/2025:12:27:24 +0000] "POST /account/account/ HTTP/1.1" 201 - "-" "PostmanRuntime/7.44.0"
::1 - - [23/May/2025:12:27:56 +0000] "GET /account/account/507f1f77bcf86cd799439011 HTTP/1.1" 200 - "-" "PostmanRuntime/7.44.0"
::1 - - [23/May/2025:12:28:43 +0000] "GET /account/account/507f1f77bcf86cd799439011 HTTP/1.1" 200 - "-" "PostmanRuntime/7.44.0"
::1 - - [23/May/2025:12:29:14 +0000] "GET /account/account/507f1f77bcf86cd799439011 HTTP/1.1" 200 - "-" "PostmanRuntime/7.44.0"
::1 - - [23/May/2025:12:30:59 +0000] "GET /account/account/507f1f77bcf86cd799439011 HTTP/1.1" 200 - "-" "PostmanRuntime/7.44.0"
::1 - - [23/May/2025:12:31:00 +0000] "GET /account/account/507f1f77bcf86cd799439011 HTTP/1.1" 200 - "-" "PostmanRuntime/7.44.0"
::1 - - [23/May/2025:12:34:53 +0000] "GET /account/account/507f1f77bcf86cd799439011 HTTP/1.1" 200 163 "-" "PostmanRuntime/7.44.0"
::1 - - [23/May/2025:12:35:47 +0000] "DELETE /account/account/507f1f77bcf86cd799439011 HTTP/1.1" 404 - "-" "PostmanRuntime/7.44.0"
::1 - - [23/May/2025:12:35:56 +0000] "GET /account/account/507f1f77bcf86cd799439011 HTTP/1.1" 200 163 "-" "PostmanRuntime/7.44.0"
::1 - - [23/May/2025:12:36:38 +0000] "DELETE /account/account/507f1f77bcf86cd799439011 HTTP/1.1" 200 163 "-" "PostmanRuntime/7.44.0"
::1 - - [23/May/2025:12:36:45 +0000] "GET /account/account/507f1f77bcf86cd799439011 HTTP/1.1" 500 - "-" "PostmanRuntime/7.44.0"
::1 - - [23/May/2025:12:37:45 +0000] "PUT /account/account/507f1f77bcf86cd799439011 HTTP/1.1" 404 179 "-" "PostmanRuntime/7.44.0"
::1 - - [23/May/2025:12:38:13 +0000] "PUT /account/account/ HTTP/1.1" 201 - "-" "PostmanRuntime/7.44.0"
::1 - - [23/May/2025:12:38:18 +0000] "GET /account/account/507f1f77bcf86cd799439011 HTTP/1.1" 500 - "-" "PostmanRuntime/7.44.0"
::1 - - [23/May/2025:12:38:22 +0000] "POST /account/account/ HTTP/1.1" 201 - "-" "PostmanRuntime/7.44.0"
::1 - - [23/May/2025:12:38:25 +0000] "GET /account/account/507f1f77bcf86cd799439011 HTTP/1.1" 200 163 "-" "PostmanRuntime/7.44.0"
::1 - - [23/May/2025:12:39:01 +0000] "PUT /account/account/ HTTP/1.1" 400 - "-" "PostmanRuntime/7.44.0"
::1 - - [23/May/2025:12:39:11 +0000] "PUT /account/account/ HTTP/1.1" 201 - "-" "PostmanRuntime/7.44.0"
::1 - - [23/May/2025:12:39:16 +0000] "GET /account/account/507f1f77bcf86cd799439011 HTTP/1.1" 200 164 "-" "PostmanRuntime/7.44.0"
::1 - - [23/May/2025:12:40:23 +0000] "PUT /account/account/ HTTP/1.1" 201 - "-" "PostmanRuntime/7.44.0"
::1 - - [23/May/2025:12:40:29 +0000] "GET /account/account/507f1f77bcf86cd799439011 HTTP/1.1" 200 164 "-" "PostmanRuntime/7.44.0"
